[1117/120520.480:ERROR:directory_reader_win.cc(43)] FindFirstFile: The system cannot find the path specified. (0x3)
[1118/154018.036:ERROR:directory_reader_win.cc(43)] FindFirstFile: The system cannot find the path specified. (0x3)
[1118/161447.481:ERROR:directory_reader_win.cc(43)] FindFirstFile: The system cannot find the path specified. (0x3)
[1120/110424.708:ERROR:process_info.cc(329)] VirtualQueryEx: Access is denied. (0x5)
[1120/110424.709:ERROR:process_info.cc(556)] ReadMemoryInfo failed
[1120/110424.709:ERROR:process_memory_win.cc(39)] Failed to initialize ProcessInfo.
[1120/110424.709:ERROR:scoped_process_suspend.cc(40)] NtResumeProcess: An attempt was made to access an exiting process. (0xc000010a)
[1120/110827.766:ERROR:process_reader_win.cc(151)] SuspendThread: Access is denied. (0x5)
[1120/110827.768:ERROR:exception_snapshot_win.cc(99)] thread ID 16456 not found in process
[1120/110827.768:ERROR:scoped_process_suspend.cc(40)] NtResumeProcess: An attempt was made to access an exiting process. (0xc000010a)
[1120/113941.704:ERROR:process_reader_win.cc(151)] SuspendThread: Access is denied. (0x5)
[1120/113941.704:ERROR:process_reader_win.cc(151)] SuspendThread: Access is denied. (0x5)
[1120/113941.704:ERROR:process_reader_win.cc(151)] SuspendThread: Access is denied. (0x5)
[1120/113941.705:ERROR:process_reader_win.cc(151)] SuspendThread: Access is denied. (0x5)
[1120/113941.705:ERROR:process_reader_win.cc(151)] SuspendThread: Access is denied. (0x5)
[1120/113941.705:ERROR:process_reader_win.cc(151)] SuspendThread: Access is denied. (0x5)
[1120/113941.705:ERROR:process_reader_win.cc(151)] SuspendThread: Access is denied. (0x5)
[1120/113941.705:ERROR:exception_snapshot_win.cc(99)] thread ID 14356 not found in process
[1120/115034.349:ERROR:process_info.cc(329)] VirtualQueryEx: Access is denied. (0x5)
[1120/115034.349:ERROR:process_info.cc(556)] ReadMemoryInfo failed
[1120/115034.349:ERROR:process_memory_win.cc(39)] Failed to initialize ProcessInfo.
[1120/115034.349:ERROR:scoped_process_suspend.cc(40)] NtResumeProcess: An attempt was made to access an exiting process. (0xc000010a)
[1120/120749.948:ERROR:directory_reader_win.cc(43)] FindFirstFile: The system cannot find the path specified. (0x3)
[1120/121632.214:ERROR:process_info.cc(329)] VirtualQueryEx: Access is denied. (0x5)
[1120/121632.215:ERROR:process_info.cc(556)] ReadMemoryInfo failed
[1120/121632.215:ERROR:scoped_process_suspend.cc(40)] NtResumeProcess: An attempt was made to access an exiting process. (0xc000010a)
[1120/124803.392:ERROR:process_reader_win.cc(151)] SuspendThread: Access is denied. (0x5)
[1120/124803.393:ERROR:exception_snapshot_win.cc(99)] thread ID 2620 not found in process
[1120/124803.393:ERROR:scoped_process_suspend.cc(40)] NtResumeProcess: An attempt was made to access an exiting process. (0xc000010a)
[1120/124844.279:ERROR:process_info.cc(329)] VirtualQueryEx: Access is denied. (0x5)
[1120/124844.280:ERROR:process_info.cc(556)] ReadMemoryInfo failed
[1120/124844.280:ERROR:process_memory_win.cc(39)] Failed to initialize ProcessInfo.
[1120/124844.280:ERROR:scoped_process_suspend.cc(40)] NtResumeProcess: An attempt was made to access an exiting process. (0xc000010a)
[1120/132858.896:ERROR:process_reader_win.cc(151)] SuspendThread: Access is denied. (0x5)
[1120/132858.897:ERROR:exception_snapshot_win.cc(99)] thread ID 28396 not found in process
[1120/132858.897:ERROR:scoped_process_suspend.cc(40)] NtResumeProcess: An attempt was made to access an exiting process. (0xc000010a)
[1120/140302.809:ERROR:process_info.cc(329)] VirtualQueryEx: Access is denied. (0x5)
[1120/140302.809:ERROR:process_info.cc(556)] ReadMemoryInfo failed
[1120/140302.809:ERROR:scoped_process_suspend.cc(40)] NtResumeProcess: An attempt was made to access an exiting process. (0xc000010a)
[1120/143312.302:ERROR:process_info.cc(329)] VirtualQueryEx: Access is denied. (0x5)
[1120/143312.302:ERROR:process_info.cc(556)] ReadMemoryInfo failed
[1120/143312.302:ERROR:scoped_process_suspend.cc(40)] NtResumeProcess: An attempt was made to access an exiting process. (0xc000010a)
[1120/145035.009:ERROR:process_info.cc(329)] VirtualQueryEx: Access is denied. (0x5)
[1120/145035.010:ERROR:process_info.cc(556)] ReadMemoryInfo failed
[1120/145035.010:ERROR:scoped_process_suspend.cc(40)] NtResumeProcess: An attempt was made to access an exiting process. (0xc000010a)
[1120/151402.819:ERROR:process_info.cc(329)] VirtualQueryEx: Access is denied. (0x5)
[1120/151402.820:ERROR:process_info.cc(556)] ReadMemoryInfo failed
[1120/151402.820:ERROR:scoped_process_suspend.cc(40)] NtResumeProcess: An attempt was made to access an exiting process. (0xc000010a)
[1120/154423.200:ERROR:process_info.cc(329)] VirtualQueryEx: Access is denied. (0x5)
[1120/154423.200:ERROR:process_info.cc(556)] ReadMemoryInfo failed
[1120/154423.200:ERROR:scoped_process_suspend.cc(40)] NtResumeProcess: An attempt was made to access an exiting process. (0xc000010a)
[1120/155521.124:ERROR:process_info.cc(329)] VirtualQueryEx: Access is denied. (0x5)
[1120/155521.125:ERROR:process_info.cc(556)] ReadMemoryInfo failed
[1120/155521.125:ERROR:process_memory_win.cc(39)] Failed to initialize ProcessInfo.
[1120/155521.125:ERROR:scoped_process_suspend.cc(40)] NtResumeProcess: An attempt was made to access an exiting process. (0xc000010a)
[1120/161438.912:ERROR:process_info.cc(329)] VirtualQueryEx: Access is denied. (0x5)
[1120/161438.912:ERROR:process_info.cc(556)] ReadMemoryInfo failed
[1120/161438.912:ERROR:process_memory_win.cc(39)] Failed to initialize ProcessInfo.
[1120/161438.912:ERROR:scoped_process_suspend.cc(40)] NtResumeProcess: An attempt was made to access an exiting process. (0xc000010a)
[1120/162315.030:ERROR:process_info.cc(329)] VirtualQueryEx: Access is denied. (0x5)
[1120/162315.030:ERROR:process_info.cc(556)] ReadMemoryInfo failed
[1120/162315.030:ERROR:scoped_process_suspend.cc(40)] NtResumeProcess: An attempt was made to access an exiting process. (0xc000010a)
[1120/163728.475:ERROR:process_info.cc(329)] VirtualQueryEx: Access is denied. (0x5)
[1120/163728.475:ERROR:process_info.cc(556)] ReadMemoryInfo failed
[1120/163728.475:ERROR:process_memory_win.cc(39)] Failed to initialize ProcessInfo.
[1120/163728.475:ERROR:scoped_process_suspend.cc(40)] NtResumeProcess: An attempt was made to access an exiting process. (0xc000010a)
[1120/170002.627:ERROR:process_info.cc(329)] VirtualQueryEx: Access is denied. (0x5)
[1120/170002.627:ERROR:process_info.cc(556)] ReadMemoryInfo failed
[1120/170002.628:ERROR:process_memory_win.cc(39)] Failed to initialize ProcessInfo.
[1120/170002.628:ERROR:scoped_process_suspend.cc(40)] NtResumeProcess: An attempt was made to access an exiting process. (0xc000010a)
[1120/170259.138:ERROR:process_info.cc(329)] VirtualQueryEx: Access is denied. (0x5)
[1120/170259.139:ERROR:process_info.cc(556)] ReadMemoryInfo failed
[1120/170259.139:ERROR:scoped_process_suspend.cc(40)] NtResumeProcess: An attempt was made to access an exiting process. (0xc000010a)
[1120/173123.734:ERROR:process_info.cc(329)] VirtualQueryEx: Access is denied. (0x5)
[1120/173123.735:ERROR:process_info.cc(556)] ReadMemoryInfo failed
[1120/173123.735:ERROR:process_memory_win.cc(39)] Failed to initialize ProcessInfo.
[1120/173123.735:ERROR:scoped_process_suspend.cc(40)] NtResumeProcess: An attempt was made to access an exiting process. (0xc000010a)
[1120/173244.963:ERROR:directory_reader_win.cc(43)] FindFirstFile: The system cannot find the path specified. (0x3)
[1120/174552.653:ERROR:process_info.cc(329)] VirtualQueryEx: Access is denied. (0x5)
[1120/174552.653:ERROR:process_info.cc(556)] ReadMemoryInfo failed
[1120/174552.653:ERROR:process_memory_win.cc(39)] Failed to initialize ProcessInfo.
[1120/174552.653:ERROR:scoped_process_suspend.cc(40)] NtResumeProcess: An attempt was made to access an exiting process. (0xc000010a)
[1120/180906.955:ERROR:process_reader_win.cc(151)] SuspendThread: Access is denied. (0x5)
[1120/180906.955:ERROR:exception_snapshot_win.cc(99)] thread ID 50968 not found in process
[1120/180906.956:ERROR:scoped_process_suspend.cc(40)] NtResumeProcess: An attempt was made to access an exiting process. (0xc000010a)
[1120/181005.783:ERROR:process_info.cc(329)] VirtualQueryEx: Access is denied. (0x5)
[1120/181005.784:ERROR:process_info.cc(556)] ReadMemoryInfo failed
[1120/181005.784:ERROR:process_memory_win.cc(39)] Failed to initialize ProcessInfo.
[1120/181005.784:ERROR:scoped_process_suspend.cc(40)] NtResumeProcess: An attempt was made to access an exiting process. (0xc000010a)
[1120/181607.291:ERROR:process_reader_win.cc(151)] SuspendThread: Access is denied. (0x5)
[1120/181607.292:ERROR:exception_snapshot_win.cc(99)] thread ID 50396 not found in process
[1120/181607.292:ERROR:scoped_process_suspend.cc(40)] NtResumeProcess: An attempt was made to access an exiting process. (0xc000010a)
[1120/182007.357:ERROR:process_info.cc(329)] VirtualQueryEx: Access is denied. (0x5)
[1120/182007.358:ERROR:process_info.cc(556)] ReadMemoryInfo failed
[1120/182007.358:ERROR:scoped_process_suspend.cc(40)] NtResumeProcess: An attempt was made to access an exiting process. (0xc000010a)
[1120/182127.924:ERROR:process_info.cc(329)] VirtualQueryEx: Access is denied. (0x5)
[1120/182127.925:ERROR:process_info.cc(556)] ReadMemoryInfo failed
[1120/182127.925:ERROR:process_memory_win.cc(39)] Failed to initialize ProcessInfo.
[1120/182127.925:ERROR:scoped_process_suspend.cc(40)] NtResumeProcess: An attempt was made to access an exiting process. (0xc000010a)
[1120/182354.075:ERROR:process_info.cc(329)] VirtualQueryEx: Access is denied. (0x5)
[1120/182354.076:ERROR:process_info.cc(556)] ReadMemoryInfo failed
[1120/182354.076:ERROR:process_memory_win.cc(39)] Failed to initialize ProcessInfo.
[1120/182354.076:ERROR:scoped_process_suspend.cc(40)] NtResumeProcess: An attempt was made to access an exiting process. (0xc000010a)
[1120/182941.442:ERROR:process_info.cc(329)] VirtualQueryEx: Access is denied. (0x5)
[1120/182941.443:ERROR:process_info.cc(556)] ReadMemoryInfo failed
[1120/182941.443:ERROR:process_memory_win.cc(39)] Failed to initialize ProcessInfo.
[1120/182941.443:ERROR:scoped_process_suspend.cc(40)] NtResumeProcess: An attempt was made to access an exiting process. (0xc000010a)
[1120/183129.621:ERROR:process_info.cc(329)] VirtualQueryEx: Access is denied. (0x5)
[1120/183129.621:ERROR:process_info.cc(556)] ReadMemoryInfo failed
[1120/183129.621:ERROR:process_memory_win.cc(39)] Failed to initialize ProcessInfo.
[1120/183129.622:ERROR:scoped_process_suspend.cc(40)] NtResumeProcess: An attempt was made to access an exiting process. (0xc000010a)
[1120/183726.893:ERROR:directory_reader_win.cc(43)] FindFirstFile: The system cannot find the path specified. (0x3)
[1120/185530.894:ERROR:process_info.cc(329)] VirtualQueryEx: Access is denied. (0x5)
[1120/185530.894:ERROR:process_info.cc(556)] ReadMemoryInfo failed
[1120/185530.894:ERROR:scoped_process_suspend.cc(40)] NtResumeProcess: An attempt was made to access an exiting process. (0xc000010a)
[1120/190303.575:ERROR:process_reader_win.cc(108)] process 40344 not found
[1120/190303.575:ERROR:exception_snapshot_win.cc(99)] thread ID 39132 not found in process
[1120/190303.575:ERROR:scoped_process_suspend.cc(40)] NtResumeProcess: An attempt was made to access an exiting process. (0xc000010a)
[1120/225330.165:ERROR:directory_reader_win.cc(43)] FindFirstFile: The system cannot find the path specified. (0x3)
[1202/225954.699:ERROR:process_info.cc(329)] VirtualQueryEx: Access is denied. (0x5)
[1202/225954.810:ERROR:process_info.cc(556)] ReadMemoryInfo failed
[1202/225954.810:ERROR:scoped_process_suspend.cc(40)] NtResumeProcess: An attempt was made to access an exiting process. (0xc000010a)
[1203/000545.591:ERROR:directory_reader_win.cc(43)] FindFirstFile: The system cannot find the path specified. (0x3)
[1203/005417.107:ERROR:directory_reader_win.cc(43)] FindFirstFile: The system cannot find the path specified. (0x3)
[1203/163549.343:ERROR:directory_reader_win.cc(43)] FindFirstFile: The system cannot find the path specified. (0x3)
[1203/202652.450:ERROR:directory_reader_win.cc(43)] FindFirstFile: The system cannot find the path specified. (0x3)
[1203/204946.429:ERROR:directory_reader_win.cc(43)] FindFirstFile: The system cannot find the path specified. (0x3)
[1203/205013.689:ERROR:directory_reader_win.cc(43)] FindFirstFile: The system cannot find the path specified. (0x3)
[1203/205028.253:ERROR:directory_reader_win.cc(43)] FindFirstFile: The system cannot find the path specified. (0x3)
